<?xml version="1.0" encoding="utf-8"?><testsuites name="pytest tests"><testsuite name="pytest" errors="0" failures="0" skipped="0" tests="5" time="2.740" timestamp="2026-08-25T16:42:14.354912+00:00" hostname="agent-env-b61bd7c6-868b-40d3-8f56-0c5294992980"><testcase classname="tests.test_sentinel" name="test_latest_returns_check_object" time="0.344" /><testcase classname="tests.test_sentinel" name="test_resolve_invalid_action_returns_400" time="0.229" /><testcase classname="tests.test_sentinel" name="test_resolve_unknown_check_returns_404" time="0.258" /><testcase classname="tests.test_sentinel" name="test_check_not_started_twice_if_running" time="1.452" /><testcase classname="tests.test_sentinel" name="test_content_still_loads_with_updated_accompagnamento" time="0.138" /></testsuite></testsuites>