<?xml version="1.0" encoding="utf-8"?><testsuites name="pytest tests"><testsuite name="pytest" errors="0" failures="0" skipped="0" tests="15" time="1.695" timestamp="2026-08-25T16:16:26.296374+00:00" hostname="agent-env-b61bd7c6-868b-40d3-8f56-0c5294992980"><testcase classname="tests.test_iteration_7.TestContent" name="test_content_shape" time="0.429" /><testcase classname="tests.test_iteration_7.TestIllustrations" name="test_illustration_served[home_hero]" time="0.421" /><testcase classname="tests.test_iteration_7.TestIllustrations" name="test_illustration_served[wizard_diagnosi]" time="0.106" /><testcase classname="tests.test_iteration_7.TestContent" name="test_content_idempotent" time="0.198" /><testcase classname="tests.test_iteration_7.TestIllustrations" name="test_illustration_served[wizard_lavoro]" time="0.110" /><testcase classname="tests.test_iteration_7.TestContent" name="test_no_duplicates_in_mongo_via_public" time="0.285" /><testcase classname="tests.test_iteration_7.TestIllustrations" name="test_illustration_served[wizard_certificato]" time="0.088" /><testcase classname="tests.test_iteration_7.TestIllustrations" name="test_illustration_served[diritti104]" time="0.083" /><testcase classname="tests.test_iteration_7.TestIllustrations" name="test_illustration_served[patronati]" time="0.079" /><testcase classname="tests.test_iteration_7.TestIllustrations" name="test_illustration_served[territorio]" time="0.087" /><testcase classname="tests.test_iteration_7.TestRoot" name="test_root" time="0.134" /><testcase classname="tests.test_iteration_7.TestIllustrations" name="test_illustration_served[trasporti]" time="0.099" /><testcase classname="tests.test_iteration_7.TestIllustrations" name="test_illustration_served[domiciliare]" time="0.100" /><testcase classname="tests.test_iteration_7.TestIllustrations" name="test_illustration_served[fisioterapia]" time="0.114" /><testcase classname="tests.test_iteration_7.TestIllustrations" name="test_illustration_served[rsa]" time="0.096" /></testsuite></testsuites>