<?xml version="1.0" encoding="utf-8"?><testsuites name="pytest tests"><testsuite name="pytest" errors="0" failures="0" skipped="0" tests="22" time="8.066" timestamp="2026-08-23T21:52:33.065359+00:00" hostname="agent-env-b61bd7c6-868b-40d3-8f56-0c5294992980"><testcase classname="tests.backend_test.TestAuthNegative" name="test_session_invalid_id_returns_401" time="0.395" /><testcase classname="tests.backend_test.TestReportsRegression" name="test_create_report_returns_share_token" time="0.306" /><testcase classname="tests.backend_test.TestReportsRegression" name="test_get_report_by_share_token" time="0.052" /><testcase classname="tests.backend_test.TestReportsRegression" name="test_list_reports_by_device" time="0.096" /><testcase classname="tests.backend_test.TestAuthNegative" name="test_session_empty_body_returns_422" time="0.046" /><testcase classname="tests.backend_test.TestAuthNegative" name="test_session_empty_session_id_returns_400" time="0.084" /><testcase classname="tests.backend_test.TestReportsRegression" name="test_share_token_not_found_404" time="0.060" /><testcase classname="tests.backend_test.TestAuthenticatedE2E" name="test_me_with_valid_session" time="0.148" /><testcase classname="tests.backend_test.TestAuthNegative" name="test_me_without_header_returns_401" time="0.204" /><testcase classname="tests.backend_test.TestAuthenticatedE2E" name="test_sync_upload_then_download" time="0.349" /><testcase classname="tests.backend_test.TestAuthNegative" name="test_me_with_invalid_bearer_returns_401" time="0.192" /><testcase classname="tests.backend_test.TestAuthNegative" name="test_logout_without_token_is_200_idempotent" time="0.158" /><testcase classname="tests.backend_test.TestAuthenticatedE2E" name="test_logout_deletes_session_then_me_401" time="1.361" /><testcase classname="tests.backend_test.TestIndexes" name="test_users_indexes" time="0.005" /><testcase classname="tests.backend_test.TestIndexes" name="test_user_sessions_indexes_with_ttl" time="0.001" /><testcase classname="tests.backend_test.TestIndexes" name="test_user_data_indexes" time="0.001" /><testcase classname="tests.backend_test.TestAssistantRegression" name="test_assistant_valid_question" time="6.379" /><testcase classname="tests.backend_test.TestAuthenticatedE2E" name="test_expired_session_returns_401" time="0.109" /><testcase classname="tests.backend_test.TestSyncNoAuth" name="test_sync_upload_no_token_401" time="0.109" /><testcase classname="tests.backend_test.TestSyncNoAuth" name="test_sync_download_no_token_401" time="0.115" /><testcase classname="tests.backend_test.TestAssistantRegression" name="test_assistant_empty_question_400" time="0.049" /><testcase classname="tests.backend_test.TestRoot" name="test_root" time="0.045" /></testsuite></testsuites>